0 info it worked if it ends with ok
1 verbose cli [ 'node', '/usr/local/bin/npm', 'install', '-g', 'bluebird' ]
2 info using npm@2.1.16
3 info using node@v0.10.25
4 verbose node symlink /usr/bin/node
5 silly cache add args [ 'bluebird', null ]
6 verbose cache add spec bluebird
7 silly cache add parsed spec { raw: 'bluebird',
7 silly cache add   scope: null,
7 silly cache add   name: 'bluebird',
7 silly cache add   rawSpec: '',
7 silly cache add   spec: '*',
7 silly cache add   type: 'range' }
8 verbose addNamed bluebird@*
9 silly addNamed semver.valid null
10 silly addNamed semver.validRange *
11 silly addNameRange { name: 'bluebird', range: '*', hasData: false }
12 silly mapToRegistry name bluebird
13 silly mapToRegistry using default registry
14 silly mapToRegistry registry http://registry.npmjs.org/
15 silly mapToRegistry uri http://registry.npmjs.org/bluebird
16 verbose addNameRange registry:http://registry.npmjs.org/bluebird not in flight; fetching
17 verbose get http://registry.npmjs.org/bluebird not expired, no request
18 silly addNameRange number 2 { name: 'bluebird', range: '*', hasData: true }
19 silly addNameRange versions [ 'bluebird',
19 silly addNameRange   [ '0.7.1-1',
19 silly addNameRange     '0.7.1-2',
19 silly addNameRange     '0.7.1-3',
19 silly addNameRange     '0.7.1-4',
19 silly addNameRange     '0.7.1-5',
19 silly addNameRange     '0.7.2-0',
19 silly addNameRange     '0.7.3-0',
19 silly addNameRange     '0.7.4-0',
19 silly addNameRange     '0.7.4-1',
19 silly addNameRange     '0.7.5-0',
19 silly addNameRange     '0.7.6-0',
19 silly addNameRange     '0.7.7-0',
19 silly addNameRange     '0.7.7-1',
19 silly addNameRange     '0.7.8-0',
19 silly addNameRange     '0.7.8-1',
19 silly addNameRange     '0.7.9-0',
19 silly addNameRange     '0.7.9-1',
19 silly addNameRange     '0.7.10-0',
19 silly addNameRange     '0.7.10-1',
19 silly addNameRange     '0.7.11-0',
19 silly addNameRange     '0.7.12-0',
19 silly addNameRange     '0.7.12-1',
19 silly addNameRange     '0.7.12-2',
19 silly addNameRange     '0.8.0-0',
19 silly addNameRange     '0.8.0-1',
19 silly addNameRange     '0.8.0-2',
19 silly addNameRange     '0.8.0-3',
19 silly addNameRange     '0.8.1-0',
19 silly addNameRange     '0.8.2-0',
19 silly addNameRange     '0.8.2-1',
19 silly addNameRange     '0.8.2-2',
19 silly addNameRange     '0.8.3-0',
19 silly addNameRange     '0.8.3-1',
19 silly addNameRange     '0.8.3-2',
19 silly addNameRange     '0.8.3-3',
19 silly addNameRange     '0.8.4-0',
19 silly addNameRange     '0.8.4-1',
19 silly addNameRange     '0.8.5-0',
19 silly addNameRange     '0.8.5-1',
19 silly addNameRange     '0.9.0-0',
19 silly addNameRange     '0.9.1-0',
19 silly addNameRange     '0.9.1-1',
19 silly addNameRange     '0.9.2-0',
19 silly addNameRange     '0.9.2-1',
19 silly addNameRange     '0.9.3-0',
19 silly addNameRange     '0.9.4-0',
19 silly addNameRange     '0.9.4-1',
19 silly addNameRange     '0.9.5-0',
19 silly addNameRange     '0.9.6-0',
19 silly addNameRange     '0.9.7-0',
19 silly addNameRange     '0.9.8-0',
19 silly addNameRange     '0.9.9-0',
19 silly addNameRange     '0.9.10-0',
19 silly addNameRange     '0.9.10-1',
19 silly addNameRange     '0.9.11-0',
19 silly addNameRange     '0.9.11-1',
19 silly addNameRange     '0.10.0-0',
19 silly addNameRange     '0.10.0-1',
19 silly addNameRange     '0.10.1-0',
19 silly addNameRange     '0.10.2-0',
19 silly addNameRange     '0.10.2-1',
19 silly addNameRange     '0.10.3-0',
19 silly addNameRange     '0.10.4-0',
19 silly addNameRange     '0.10.4-1',
19 silly addNameRange     '0.10.5-0',
19 silly addNameRange     '0.10.6-0',
19 silly addNameRange     '0.10.7-0',
19 silly addNameRange     '0.10.8-0',
19 silly addNameRange     '0.10.9-0',
19 silly addNameRange     '0.10.9-1',
19 silly addNameRange     '0.10.10-0',
19 silly addNameRange     '0.10.11-0',
19 silly addNameRange     '0.10.11-1',
19 silly addNameRange     '0.10.11-2',
19 silly addNameRange     '0.10.11-4',
19 silly addNameRange     '0.10.12-0',
19 silly addNameRange     '0.10.13-0',
19 silly addNameRange     '0.10.13-1',
19 silly addNameRange     '0.10.14-0',
19 silly addNameRange     '0.11.0-0',
19 silly addNameRange     '0.11.1-0',
19 silly addNameRange     '0.11.2-0',
19 silly addNameRange     '0.11.3-0',
19 silly addNameRange     '0.11.4-0',
19 silly addNameRange     '0.11.4-1',
19 silly addNameRange     '0.11.5-0',
19 silly addNameRange     '0.11.5-1',
19 silly addNameRange     '0.11.6-0',
19 silly addNameRange     '1.0.0',
19 silly addNameRange     '1.0.1',
19 silly addNameRange     '1.0.2',
19 silly addNameRange     '1.0.3',
19 silly addNameRange     '1.0.4',
19 silly addNameRange     '1.0.5',
19 silly addNameRange     '1.0.7',
19 silly addNameRange     '1.0.8',
19 silly addNameRange     '1.1.0',
19 silly addNameRange     '1.1.1',
19 silly addNameRange     '1.2.0',
19 silly addNameRange     '1.2.1',
19 silly addNameRange     '1.2.2',
19 silly addNameRange     '1.2.3',
19 silly addNameRange     '1.2.4',
19 silly addNameRange     '2.0.2',
19 silly addNameRange     '2.0.3',
19 silly addNameRange     '2.0.4',
19 silly addNameRange     '2.0.5',
19 silly addNameRange     '2.0.6',
19 silly addNameRange     '2.0.7',
19 silly addNameRange     '2.1.1',
19 silly addNameRange     '2.1.2',
19 silly addNameRange     '2.1.3',
19 silly addNameRange     '2.2.0',
19 silly addNameRange     '2.2.1',
19 silly addNameRange     '2.2.2',
19 silly addNameRange     '2.3.0',
19 silly addNameRange     '2.3.1',
19 silly addNameRange     '2.3.2',
19 silly addNameRange     '2.3.3',
19 silly addNameRange     '2.3.4',
19 silly addNameRange     '2.3.5',
19 silly addNameRange     '0.11.6',
19 silly addNameRange     '2.3.6',
19 silly addNameRange     '2.3.9',
19 silly addNameRange     '2.3.10',
19 silly addNameRange     '2.3.11',
19 silly addNameRange     '2.4.0',
19 silly addNameRange     '2.4.1',
19 silly addNameRange     '2.4.2',
19 silly addNameRange     '2.4.3',
19 silly addNameRange     '2.5.0',
19 silly addNameRange     '2.5.1',
19 silly addNameRange     '2.5.2',
19 silly addNameRange     '2.5.3',
19 silly addNameRange     '2.6.0',
19 silly addNameRange     '2.6.1',
19 silly addNameRange     '2.6.2',
19 silly addNameRange     '2.6.3',
19 silly addNameRange     '2.6.4',
19 silly addNameRange     '2.7.0',
19 silly addNameRange     '2.7.1',
19 silly addNameRange     '2.8.0',
19 silly addNameRange     '2.8.1',
19 silly addNameRange     '2.8.2',
19 silly addNameRange     '2.9.0',
19 silly addNameRange     '2.9.1',
19 silly addNameRange     '2.9.2',
19 silly addNameRange     '2.9.3',
19 silly addNameRange     '2.9.4',
19 silly addNameRange     '2.9.5',
19 silly addNameRange     '2.9.6',
19 silly addNameRange     '2.9.7',
19 silly addNameRange     '2.9.8',
19 silly addNameRange     '2.9.9',
19 silly addNameRange     '2.9.10',
19 silly addNameRange     '2.9.11',
19 silly addNameRange     '2.9.12',
19 silly addNameRange     '2.9.13',
19 silly addNameRange     '2.9.14',
19 silly addNameRange     '2.9.15',
19 silly addNameRange     '2.9.16',
19 silly addNameRange     '2.9.17',
19 silly addNameRange     '2.9.18',
19 silly addNameRange     '2.9.19',
19 silly addNameRange     '2.9.20',
19 silly addNameRange     '2.9.21',
19 silly addNameRange     '2.9.22',
19 silly addNameRange     '2.9.23',
19 silly addNameRange     '2.9.24',
19 silly addNameRange     '2.9.25',
19 silly addNameRange     '2.9.26',
19 silly addNameRange     '2.9.27',
19 silly addNameRange     '2.9.28',
19 silly addNameRange     '2.9.29',
19 silly addNameRange     '2.9.30',
19 silly addNameRange     '2.9.31',
19 silly addNameRange     '2.9.32',
19 silly addNameRange     '2.9.33',
19 silly addNameRange     '2.9.34' ] ]
20 verbose addNamed bluebird@2.9.34
21 silly addNamed semver.valid 2.9.34
22 silly addNamed semver.validRange 2.9.34
23 silly cache afterAdd bluebird@2.9.34
24 verbose afterAdd /home/julius/.npm/bluebird/2.9.34/package/package.json not in flight; writing
25 verbose afterAdd /home/julius/.npm/bluebird/2.9.34/package/package.json written
26 silly install resolved [ { name: 'bluebird',
26 silly install resolved     description: 'Full featured Promises/A+ implementation with exceptionally good performance',
26 silly install resolved     version: '2.9.34',
26 silly install resolved     keywords:
26 silly install resolved      [ 'promise',
26 silly install resolved        'performance',
26 silly install resolved        'promises',
26 silly install resolved        'promises-a',
26 silly install resolved        'promises-aplus',
26 silly install resolved        'async',
26 silly install resolved        'await',
26 silly install resolved        'deferred',
26 silly install resolved        'deferreds',
26 silly install resolved        'future',
26 silly install resolved        'flow control',
26 silly install resolved        'dsl',
26 silly install resolved        'fluent interface',
26 silly install resolved        'parallel',
26 silly install resolved        'thread',
26 silly install resolved        'concurrency' ],
26 silly install resolved     scripts:
26 silly install resolved      { lint: 'node scripts/jshint.js',
26 silly install resolved        test: 'node tools/test.js',
26 silly install resolved        istanbul: 'istanbul',
26 silly install resolved        prepublish: 'node tools/build.js --no-debug --main --zalgo --browser --minify' },
26 silly install resolved     homepage: 'https://github.com/petkaantonov/bluebird',
26 silly install resolved     repository:
26 silly install resolved      { type: 'git',
26 silly install resolved        url: 'git://github.com/petkaantonov/bluebird.git' },
26 silly install resolved     bugs: { url: 'http://github.com/petkaantonov/bluebird/issues' },
26 silly install resolved     license: 'MIT',
26 silly install resolved     author:
26 silly install resolved      { name: 'Petka Antonov',
26 silly install resolved        email: 'petka_antonov@hotmail.com',
26 silly install resolved        url: 'http://github.com/petkaantonov/' },
26 silly install resolved     devDependencies:
26 silly install resolved      { acorn: '~0.6.0',
26 silly install resolved        baconjs: '^0.7.43',
26 silly install resolved        bluebird: '^2.9.2',
26 silly install resolved        'body-parser': '^1.10.2',
26 silly install resolved        browserify: '^8.1.1',
26 silly install resolved        'cli-table': '~0.3.1',
26 silly install resolved        co: '^4.2.0',
26 silly install resolved        'cross-spawn': '^0.2.3',
26 silly install resolved        glob: '^4.3.2',
26 silly install resolved        'grunt-saucelabs': '~8.4.1',
26 silly install resolved        highland: '^2.3.0',
26 silly install resolved        istanbul: '^0.3.5',
26 silly install resolved        jshint: '^2.6.0',
26 silly install resolved        'jshint-stylish': '~0.2.0',
26 silly install resolved        mkdirp: '~0.5.0',
26 silly install resolved        mocha: '~2.1',
26 silly install resolved        open: '~0.0.5',
26 silly install resolved        optimist: '~0.6.1',
26 silly install resolved        rimraf: '~2.2.6',
26 silly install resolved        rx: '^2.3.25',
26 silly install resolved        'serve-static': '^1.7.1',
26 silly install resolved        sinon: '~1.7.3',
26 silly install resolved        'uglify-js': '~2.4.16',
26 silly install resolved        kefir: '^2.4.1' },
26 silly install resolved     main: './js/main/bluebird.js',
26 silly install resolved     browser: './js/browser/bluebird.js',
26 silly install resolved     files: [ 'js/browser', 'js/main', 'js/zalgo', 'zalgo.js' ],
26 silly install resolved     gitHead: '386ba4f7d588693e5d675290a6b7fade08e0d626',
26 silly install resolved     _id: 'bluebird@2.9.34',
26 silly install resolved     _shasum: '2f7b4ec80216328a9fddebdf69c8d4942feff7d8',
26 silly install resolved     _from: 'bluebird@*',
26 silly install resolved     _npmVersion: '2.11.1',
26 silly install resolved     _nodeVersion: '2.3.0',
26 silly install resolved     _npmUser: { name: 'esailija', email: 'petka_antonov@hotmail.com' },
26 silly install resolved     maintainers: [ [Object] ],
26 silly install resolved     dist:
26 silly install resolved      { shasum: '2f7b4ec80216328a9fddebdf69c8d4942feff7d8',
26 silly install resolved        tarball: 'http://registry.npmjs.org/bluebird/-/bluebird-2.9.34.tgz' },
26 silly install resolved     directories: {},
26 silly install resolved     _resolved: 'http://registry.npmjs.org/bluebird/-/bluebird-2.9.34.tgz',
26 silly install resolved     readme: 'ERROR: No README data found!' } ]
27 info install bluebird@2.9.34 into /usr/lib
28 info installOne bluebird@2.9.34
29 verbose installOne of bluebird to /usr/lib not in flight; installing
30 verbose lock using /home/julius/.npm/_locks/bluebird-ee0bcd99065104db.lock for /usr/lib/node_modules/bluebird
31 silly install write writing bluebird 2.9.34 to /usr/lib/node_modules/bluebird
32 silly cache addNamed cb bluebird@2.9.34
33 verbose unbuild lib/node_modules/bluebird
34 verbose gentlyRm vacuuming /usr/lib/node_modules/bluebird
35 verbose tar unpack /home/julius/.npm/bluebird/2.9.34/package.tgz
36 verbose tar unpacking to /usr/lib/node_modules/bluebird
37 verbose gentlyRm vacuuming /usr/lib/node_modules/bluebird
38 silly gunzTarPerm modes [ '775', '664' ]
39 error tar.unpack untar error /home/julius/.npm/bluebird/2.9.34/package.tgz
40 verbose unlock done using /home/julius/.npm/_locks/bluebird-ee0bcd99065104db.lock for /usr/lib/node_modules/bluebird
41 verbose fstream_path /usr/lib/node_modules/bluebird
42 verbose fstream_type Directory
43 verbose fstream_class DirWriter
44 verbose stack Error: EACCES, mkdir '/usr/lib/node_modules/bluebird'
45 verbose fstream_stack /usr/local/lib/node_modules/npm/node_modules/fstream/lib/dir-writer.js:36:23
45 verbose fstream_stack /usr/local/lib/node_modules/npm/node_modules/mkdirp/index.js:46:53
45 verbose fstream_stack Object.oncomplete (fs.js:107:15)
46 verbose cwd /server/julienetienne.co.uk/src/node
47 error Linux 3.13.0-48-generic
48 error argv "node" "/usr/local/bin/npm" "install" "-g" "bluebird"
49 error node v0.10.25
50 error npm  v2.1.16
51 error path /usr/lib/node_modules/bluebird
52 error code EACCES
53 error errno 3
54 error Error: EACCES, mkdir '/usr/lib/node_modules/bluebird'
54 error  { [Error: EACCES, mkdir '/usr/lib/node_modules/bluebird']
54 error   errno: 3,
54 error   code: 'EACCES',
54 error   path: '/usr/lib/node_modules/bluebird',
54 error   fstream_type: 'Directory',
54 error   fstream_path: '/usr/lib/node_modules/bluebird',
54 error   fstream_class: 'DirWriter',
54 error   fstream_stack:
54 error    [ '/usr/local/lib/node_modules/npm/node_modules/fstream/lib/dir-writer.js:36:23',
54 error      '/usr/local/lib/node_modules/npm/node_modules/mkdirp/index.js:46:53',
54 error      'Object.oncomplete (fs.js:107:15)' ] }
55 error Please try running this command again as root/Administrator.
56 verbose exit [ 3, true ]
57 verbose unbuild lib/node_modules/bluebird
58 verbose gentlyRm vacuuming /usr/lib/node_modules/bluebird
